INFO:root:('Tin nhắn:', 'xin chào', 'stromez')
INFO:root:('Tin nhắn:', 'đéo', 'stromez')
INFO:root:('Tin nhắn:', 'mày tên gì', 'stromez')
INFO:root:('Tin nhắn:', 'ăn cứt không', 'stromez')
INFO:root:('Tin nhắn:', 'hihi', 'stromez')
INFO:root:('Tin nhắn:', 'yêu em', 'stromez')
INFO:root:('Tin nhắn:', 'địt nhau tí nhỉ', 'stromez')
INFO:root:('Tin nhắn:', '=))', 'stromez')
INFO:root:('Tin nhắn:', 'tại sao', 'stromez')
INFO:root:('Tin nhắn:', '+', 'stromez')
INFO:root:('Tin nhắn:', 'chào =))', 'stromez')
INFO:root:('Tin nhắn:', 'đéo', 'stromez')
INFO:root:('Tin nhắn:', 'địt mẹ mày', 'stromez')
INFO:root:('Tin nhắn:', 'yêu nhau không', 'stromez')
INFO:root:('Tin nhắn:', 'mày bao nhiêu tuổi', 'stromez')
INFO:root:('Tin nhắn:', 'vãi lồn', 'stromez')
INFO:root:('Tin nhắn:', '=))', 'stromez')
INFO:root:('Tin nhắn:', 'chào cu', 'stromez')
INFO:root:chào thế à
INFO:root:('Tin nhắn:', 'đúng r', 'stromez')
INFO:root:vcl
INFO:root:('Tin nhắn:', 'địt cụ nhà mày', 'stromez')
INFO:root:ko đc chửi bậy
INFO:root:('Tin nhắn:', 'hế lô', 'stromez')
INFO:root:chào anh bạn cute
INFO:root:('Tin nhắn:', '😅', 'stromez')
INFO:root:Không thể lấy dữ liệu từ API
INFO:root:('Tin nhắn:', 'chào cái đb', 'stromez')
INFO:root:đb chào mày
INFO:root:('Tin nhắn:', 'cứt có vị gì', 'stromez')
INFO:root:đell biết
INFO:root:('Tin nhắn:', 'chào', 'stromez')
INFO:root:Không thể lấy dữ liệu từ API
INFO:root:('Tin nhắn:', 'xin chào cu', 'stromez')
INFO:root:fuck u
INFO:root:('Tin nhắn:', 'fuck cái đb', 'stromez')
INFO:root:Đb nè mút hog
